<?xml version="1.0" encoding="UTF-8"?>
<robot generator="Robot 4.0.1 (Python 3.9.4 on win32)" generated="20210506 20:12:26.671" rpa="false" schemaversion="2">
<suite id="s1" name="Carrinho" source="c:\rw5\parodifood\tests\carrinho.robot">
<test id="s1-t1" name="Deve adicionar um item ao carrinho">
<kw name="Start Session" library="base" type="SETUP">
<kw name="New Browser" library="Browser">
<arg>chromium</arg>
<arg>false</arg>
<tag>BrowserControl</tag>
<tag>Setter</tag>
<doc>Create a new playwright Browser with specified options.
See `Browser, Context and Page` for more information about Browser and related concepts.</doc>
<msg timestamp="20210506 20:12:28.090" level="INFO">{"browser": "chromium", "headless": false, "handleSIGINT": true, "handleSIGTERM": true, "handleSIGHUP": true, "timeout": 30000.0, "devtools": false, "slowMo": 0.0}</msg>
<msg timestamp="20210506 20:12:28.477" level="INFO">Successfully created browser with options: {"browser":"chromium","headless":false,"handleSIGINT":true,"handleSIGTERM":true,"handleSIGHUP":true,"timeout":30000,"devtools":false,"slowMo":0}</msg>
<status status="PASS" starttime="20210506 20:12:28.089" endtime="20210506 20:12:28.477"/>
</kw>
<kw name="New Page" library="Browser">
<arg>http://parodifood.qaninja.academy/</arg>
<tag>BrowserControl</tag>
<tag>Setter</tag>
<doc>Open a new Page. A Page is the Playwright equivalent to a tab.
See `Browser, Context and Page` for more information about Page concept.
Returns a stable identifier for the created page.</doc>
<msg timestamp="20210506 20:12:34.964" level="INFO">Successfully initialized new page object and opened url: http://parodifood.qaninja.academy/</msg>
<status status="PASS" starttime="20210506 20:12:28.478" endtime="20210506 20:12:34.964"/>
</kw>
<kw name="Get Text" library="Browser">
<arg>css=span</arg>
<arg>contains</arg>
<arg>Nunca foi tão engraçado pedir comida</arg>
<tag>Assertion</tag>
<tag>Getter</tag>
<tag>PageContent</tag>
<doc>Returns text attribute of the element found by ``selector``.
See the `Finding elements` section for details about the selectors.</doc>
<status status="PASS" starttime="20210506 20:12:34.964" endtime="20210506 20:12:35.086"/>
</kw>
<status status="PASS" starttime="20210506 20:12:28.089" endtime="20210506 20:12:35.086"/>
</kw>
<kw name="Create Dictionary" library="BuiltIn">
<var>&amp;{restaurant}</var>
<arg>name=STARBUGS COFFEE</arg>
<arg>desc=Nada melhor que um café pra te ajudar a resolver um bug.</arg>
<doc>Creates and returns a dictionary based on the given ``items``.</doc>
<msg timestamp="20210506 20:12:35.088" level="INFO">&amp;{restaurant} = { name=STARBUGS COFFEE | desc=Nada melhor que um café pra te ajudar a resolver um bug. }</msg>
<status status="PASS" starttime="20210506 20:12:35.087" endtime="20210506 20:12:35.088"/>
</kw>
<kw name="Go To Restaurants" library="search">
<kw name="Click" library="Browser">
<arg>text=Estou com fome!</arg>
<tag>PageContent</tag>
<tag>Setter</tag>
<doc>Simulates mouse click on the element found by ``selector``.</doc>
<status status="PASS" starttime="20210506 20:12:35.089" endtime="20210506 20:12:35.258"/>
</kw>
<kw name="Get Text" library="Browser">
<arg>css=h1 strong</arg>
<arg>contains</arg>
<arg>Ta na hora de matar a fome!</arg>
<tag>Assertion</tag>
<tag>Getter</tag>
<tag>PageContent</tag>
<doc>Returns text attribute of the element found by ``selector``.
See the `Finding elements` section for details about the selectors.</doc>
<status status="PASS" starttime="20210506 20:12:35.259" endtime="20210506 20:12:35.303"/>
</kw>
<status status="PASS" starttime="20210506 20:12:35.089" endtime="20210506 20:12:35.304"/>
</kw>
<kw name="Choose Restaurant">
<arg>${restaurant}</arg>
<kw name="Click" library="Browser">
<arg>text=${super_var["restaurant"]}</arg>
<tag>PageContent</tag>
<tag>Setter</tag>
<doc>Simulates mouse click on the element found by ``selector``.</doc>
<msg timestamp="20210506 20:12:35.306" level="FAIL">Resolving variable '${super_var["restaurant"]}' failed: KeyError: 'restaurant'</msg>
<status status="FAIL" starttime="20210506 20:12:35.305" endtime="20210506 20:12:35.306"/>
</kw>
<kw name="Wait For Elements State" library="Browser">
<arg>css=#detail</arg>
<arg>visible</arg>
<arg>10</arg>
<tag>PageContent</tag>
<tag>Wait</tag>
<doc>Waits for the element found by ``selector`` to satisfy state option.</doc>
<status status="NOT RUN" starttime="20210506 20:12:35.306" endtime="20210506 20:12:35.306"/>
</kw>
<kw name="Get Text" library="Browser">
<arg>css=#detail</arg>
<arg>contains</arg>
<arg>${super_var["desc"]}</arg>
<tag>Assertion</tag>
<tag>Getter</tag>
<tag>PageContent</tag>
<doc>Returns text attribute of the element found by ``selector``.
See the `Finding elements` section for details about the selectors.</doc>
<status status="NOT RUN" starttime="20210506 20:12:35.307" endtime="20210506 20:12:35.307"/>
</kw>
<status status="FAIL" starttime="20210506 20:12:35.304" endtime="20210506 20:12:35.307"/>
</kw>
<kw name="Add To cart">
<arg>Starbugs 500 error</arg>
<status status="NOT RUN" starttime="20210506 20:12:35.308" endtime="20210506 20:12:35.308"/>
</kw>
<kw name="Should Add To Cart">
<arg>Starbugs 500 error</arg>
<status status="NOT RUN" starttime="20210506 20:12:35.309" endtime="20210506 20:12:35.310"/>
</kw>
<kw name="Total Cart Should Be">
<arg>15,60</arg>
<status status="NOT RUN" starttime="20210506 20:12:35.310" endtime="20210506 20:12:35.310"/>
</kw>
<kw name="Take Screenshot" library="Browser" type="TEARDOWN">
<tag>PageContent</tag>
<doc>Takes a screenshot of the current window and saves it to ``path``. Saves it as a png.</doc>
<msg timestamp="20210506 20:12:35.490" level="INFO" html="true">&lt;/td&gt;&lt;/tr&gt;&lt;tr&gt;&lt;td colspan="3"&gt;&lt;a href="browser/screenshot/robotframework-browser-screenshot-1.png"&gt;&lt;img src="browser/screenshot/robotframework-browser-screenshot-1.png" width="800px"&gt;&lt;/a&gt;</msg>
<status status="PASS" starttime="20210506 20:12:35.311" endtime="20210506 20:12:35.490"/>
</kw>
<status status="FAIL" starttime="20210506 20:12:28.085" endtime="20210506 20:12:35.492">Resolving variable '${super_var["restaurant"]}' failed: KeyError: 'restaurant'</status>
</test>
<test id="s1-t2" name="Deve adicionar três itens ao carrinho">
<kw name="Start Session" library="base" type="SETUP">
<kw name="New Browser" library="Browser">
<arg>chromium</arg>
<arg>false</arg>
<tag>BrowserControl</tag>
<tag>Setter</tag>
<doc>Create a new playwright Browser with specified options.
See `Browser, Context and Page` for more information about Browser and related concepts.</doc>
<msg timestamp="20210506 20:12:35.588" level="INFO">{"browser": "chromium", "headless": false, "handleSIGINT": true, "handleSIGTERM": true, "handleSIGHUP": true, "timeout": 30000.0, "devtools": false, "slowMo": 0.0}</msg>
<msg timestamp="20210506 20:12:35.999" level="INFO">Successfully created browser with options: {"browser":"chromium","headless":false,"handleSIGINT":true,"handleSIGTERM":true,"handleSIGHUP":true,"timeout":30000,"devtools":false,"slowMo":0}</msg>
<status status="PASS" starttime="20210506 20:12:35.588" endtime="20210506 20:12:35.999"/>
</kw>
<kw name="New Page" library="Browser">
<arg>http://parodifood.qaninja.academy/</arg>
<tag>BrowserControl</tag>
<tag>Setter</tag>
<doc>Open a new Page. A Page is the Playwright equivalent to a tab.
See `Browser, Context and Page` for more information about Page concept.
Returns a stable identifier for the created page.</doc>
<msg timestamp="20210506 20:12:38.731" level="INFO">Successfully initialized new page object and opened url: http://parodifood.qaninja.academy/</msg>
<status status="PASS" starttime="20210506 20:12:35.999" endtime="20210506 20:12:38.731"/>
</kw>
<kw name="Get Text" library="Browser">
<arg>css=span</arg>
<arg>contains</arg>
<arg>Nunca foi tão engraçado pedir comida</arg>
<tag>Assertion</tag>
<tag>Getter</tag>
<tag>PageContent</tag>
<doc>Returns text attribute of the element found by ``selector``.
See the `Finding elements` section for details about the selectors.</doc>
<status status="PASS" starttime="20210506 20:12:38.732" endtime="20210506 20:12:38.817"/>
</kw>
<status status="PASS" starttime="20210506 20:12:35.587" endtime="20210506 20:12:38.817"/>
</kw>
<kw name="Get JSON" library="base">
<var>${cart_json}</var>
<arg>cart_json</arg>
<kw name="Get File" library="OperatingSystem">
<var>${file}</var>
<arg>${EXECDIR}/resource/fixtures/${file_name}</arg>
<doc>Returns the contents of a specified file.</doc>
<msg timestamp="20210506 20:12:38.820" level="INFO" html="true">Getting file '&lt;a href="file://c:\rw5\parodifood\resource\fixtures\cart_json"&gt;c:\rw5\parodifood\resource\fixtures\cart_json&lt;/a&gt;'.</msg>
<msg timestamp="20210506 20:12:38.821" level="FAIL">FileNotFoundError: [Errno 2] No such file or directory: 'c:\\rw5\\parodifood\\resource\\fixtures\\cart_json'</msg>
<status status="FAIL" starttime="20210506 20:12:38.819" endtime="20210506 20:12:38.821"/>
</kw>
<kw name="Evaluete">
<var>${supoer_var}</var>
<arg>json.loads(${file})</arg>
<arg>json</arg>
<status status="NOT RUN" starttime="20210506 20:12:38.829" endtime="20210506 20:12:38.829"/>
</kw>
<status status="FAIL" starttime="20210506 20:12:38.818" endtime="20210506 20:12:38.830"/>
</kw>
<kw name="Go To Restaurants" library="search">
<status status="NOT RUN" starttime="20210506 20:12:38.830" endtime="20210506 20:12:38.830"/>
</kw>
<kw name="Choose Restaurant">
<arg>${cart_json["restaurant"]}</arg>
<status status="NOT RUN" starttime="20210506 20:12:38.831" endtime="20210506 20:12:38.831"/>
</kw>
<for flavor="IN">
<var>${products}</var>
<value>@{cart_json["products"]}</value>
<iter>
<var name="${products}">${products}</var>
<kw name="Add To cart">
<arg>${products["name"]}</arg>
<status status="NOT RUN" starttime="20210506 20:12:38.832" endtime="20210506 20:12:38.832"/>
</kw>
<kw name="Should Add To Cart">
<arg>${products["name"]}</arg>
<status status="NOT RUN" starttime="20210506 20:12:38.832" endtime="20210506 20:12:38.832"/>
</kw>
<status status="NOT RUN" starttime="20210506 20:12:38.832" endtime="20210506 20:12:38.833"/>
</iter>
<status status="NOT RUN" starttime="20210506 20:12:38.832" endtime="20210506 20:12:38.833"/>
</for>
<kw name="Total Cart Should Be">
<arg>38,00</arg>
<status status="NOT RUN" starttime="20210506 20:12:38.833" endtime="20210506 20:12:38.833"/>
</kw>
<kw name="Sleep" library="BuiltIn">
<arg>10</arg>
<doc>Pauses the test executed for the given time.</doc>
<status status="NOT RUN" starttime="20210506 20:12:38.834" endtime="20210506 20:12:38.834"/>
</kw>
<kw name="Take Screenshot" library="Browser" type="TEARDOWN">
<tag>PageContent</tag>
<doc>Takes a screenshot of the current window and saves it to ``path``. Saves it as a png.</doc>
<msg timestamp="20210506 20:12:39.186" level="INFO" html="true">&lt;/td&gt;&lt;/tr&gt;&lt;tr&gt;&lt;td colspan="3"&gt;&lt;a href="browser/screenshot/robotframework-browser-screenshot-2.png"&gt;&lt;img src="browser/screenshot/robotframework-browser-screenshot-2.png" width="800px"&gt;&lt;/a&gt;</msg>
<status status="PASS" starttime="20210506 20:12:38.836" endtime="20210506 20:12:39.186"/>
</kw>
<tag>temp</tag>
<status status="FAIL" starttime="20210506 20:12:35.580" endtime="20210506 20:12:39.187">FileNotFoundError: [Errno 2] No such file or directory: 'c:\\rw5\\parodifood\\resource\\fixtures\\cart_json'</status>
</test>
<status status="FAIL" starttime="20210506 20:12:26.674" endtime="20210506 20:12:39.285"/>
</suite>
<statistics>
<total>
<stat pass="0" fail="2" skip="0">All Tests</stat>
</total>
<tag>
<stat pass="0" fail="1" skip="0">temp</stat>
</tag>
<suite>
<stat pass="0" fail="2" skip="0" id="s1" name="Carrinho">Carrinho</stat>
</suite>
</statistics>
<errors>
</errors>
</robot>
